[ 2025-06-02 20:35:28,406 ] 18 root - INFO - Initiate the data ingestion
[ 2025-06-02 20:35:28,497 ] 56 root - INFO - Performed train test split over dataframe
[ 2025-06-02 20:35:28,497 ] 58 root - INFO - Exited split_data_as_train_test method of Data_Ingestion class
[ 2025-06-02 20:35:28,497 ] 66 root - INFO - Exporting train and test file path.
[ 2025-06-02 20:35:28,560 ] 72 root - INFO - Exported train and test file path.
[ 2025-06-02 20:35:28,560 ] 20 root - INFO - Data Initiation Completed
[ 2025-06-02 20:35:28,560 ] 22 root - INFO - Iniate Data Validation
[ 2025-06-02 20:35:28,591 ] 31 root - INFO - Required number of cols - 2
[ 2025-06-02 20:35:28,591 ] 32 root - INFO - Number of cols in dataframe - 31
[ 2025-06-02 20:35:28,591 ] 31 root - INFO - Required number of cols - 2
[ 2025-06-02 20:35:28,591 ] 32 root - INFO - Number of cols in dataframe - 31
[ 2025-06-02 20:35:28,742 ] 26 root - INFO - data Validation Completed
[ 2025-06-02 20:35:28,742 ] 28 root - INFO - Iniate Data Transformation
[ 2025-06-02 20:35:28,742 ] 63 root - INFO - Entered initiate_data_transformation method of DataTransformation class
[ 2025-06-02 20:35:28,742 ] 65 root - INFO - Starting data transformation
[ 2025-06-02 20:35:28,773 ] 48 root - INFO - Entered get_data_trnasformer_object method of Trnasformation class
[ 2025-06-02 20:35:28,773 ] 53 root - INFO - Initialise KNNImputer with {'missing_values': nan, 'n_neighbors': 3, 'weights': 'uniform'}
[ 2025-06-02 20:35:28,789 ] 43 root - INFO - Entered the save_object method of MainUtils class
[ 2025-06-02 20:35:28,793 ] 47 root - INFO - Exited the save_object method of MainUtils class
[ 2025-06-02 20:35:28,793 ] 43 root - INFO - Entered the save_object method of MainUtils class
[ 2025-06-02 20:35:28,797 ] 47 root - INFO - Exited the save_object method of MainUtils class
[ 2025-06-02 20:35:28,797 ] 33 root - INFO - data Transformation completed
[ 2025-06-02 20:35:28,797 ] 35 root - INFO - Model Training Started
[ 2025-06-02 20:38:54,924 ] 43 root - INFO - Entered the save_object method of MainUtils class
[ 2025-06-02 20:38:54,924 ] 47 root - INFO - Exited the save_object method of MainUtils class
[ 2025-06-02 20:38:54,924 ] 43 root - INFO - Entered the save_object method of MainUtils class
[ 2025-06-02 20:38:54,949 ] 47 root - INFO - Exited the save_object method of MainUtils class
[ 2025-06-02 20:38:54,949 ] 140 root - INFO - Model trainer artifact: ModelTrainerArtifact(trained_model_file_path='Artifacts\\06_02_2025_20_35_23\\model_trainer\\trained_model\\model.pkl', train_metric_artifact=ClassificationMetricArtifact(f1_score=0.9914288595341333, precision_score=0.9899315344341523, recall_score=0.9929307210664512), test_metric_artifact=ClassificationMetricArtifact(f1_score=0.9740847387906212, precision_score=0.966530612244898, recall_score=0.9817578772802653))
[ 2025-06-02 20:38:54,953 ] 39 root - INFO - Model Training Artifact Created
